Stage Name,Event Name,Rank,Count,Time,Num Messages,Message Length,Num Reductions,FLOP,dof0,dof1,dof2,dof3,dof4,dof5,dof6,dof7,e0,e1,e2,e3,e4,e5,e6,e7,1
Main Stage,summary,0,1,0.0050389,0.,0.,0.,357.
Main Stage,PetscBarrier,0,0,0.,0.,0.,0.,0.
Main Stage,BuildTwoSided,0,0,0.,0.,0.,0.,0.
Main Stage,BuildTwoSidedF,0,0,0.,0.,0.,0.,0.
Main Stage,VecView,0,0,0.,0.,0.,0.,0.
Main Stage,VecMax,0,0,0.,0.,0.,0.,0.
Main Stage,VecMin,0,0,0.,0.,0.,0.,0.
Main Stage,VecDot,0,28,2.97e-05,0.,0.,0.,196.
Main Stage,VecDotNorm2,0,0,0.,0.,0.,0.,0.
Main Stage,VecMDot,0,0,0.,0.,0.,0.,0.
Main Stage,VecTDot,0,0,0.,0.,0.,0.,0.
Main Stage,VecMTDot,0,0,0.,0.,0.,0.,0.
Main Stage,VecNorm,0,7,1.31e-05,0.,0.,0.,49.
Main Stage,VecScale,0,4,7.8e-06,0.,0.,0.,16.
Main Stage,VecCopy,0,4,7.8e-06,0.,0.,0.,0.
Main Stage,VecSet,0,0,0.,0.,0.,0.,0.
Main Stage,VecAXPY,0,12,1.49e-05,0.,0.,0.,96.
Main Stage,VecAYPX,0,0,0.,0.,0.,0.,0.
Main Stage,VecAXPBYCZ,0,0,0.,0.,0.,0.,0.
Main Stage,VecWAXPY,0,0,0.,0.,0.,0.,0.
Main Stage,VecMAXPY,0,0,0.,0.,0.,0.,0.
Main Stage,VecSwap,0,0,0.,0.,0.,0.,0.
Main Stage,VecOps,0,0,0.,0.,0.,0.,0.
Main Stage,VecAssemblyBegin,0,0,0.,0.,0.,0.,0.
Main Stage,VecAssemblyEnd,0,0,0.,0.,0.,0.,0.
Main Stage,VecPointwiseMult,0,0,0.,0.,0.,0.,0.
Main Stage,VecSetValues,0,0,0.,0.,0.,0.,0.
Main Stage,VecSetPreallCOO,0,0,0.,0.,0.,0.,0.
Main Stage,VecSetValuesCOO,0,0,0.,0.,0.,0.,0.
Main Stage,VecLoad,0,0,0.,0.,0.,0.,0.
Main Stage,VecScatterBegin,0,0,0.,0.,0.,0.,0.
Main Stage,VecScatterEnd  ,0,0,0.,0.,0.,0.,0.
Main Stage,VecSetRandom,0,4,1.97e-05,0.,0.,0.,0.
Main Stage,VecReduceArith,0,0,0.,0.,0.,0.,0.
Main Stage,VecReduceComm,0,0,0.,0.,0.,0.,0.
Main Stage,VecReduceBegin,0,0,0.,0.,0.,0.,0.
Main Stage,VecReduceEnd,0,0,0.,0.,0.,0.,0.
Main Stage,VecNormalize,0,0,0.,0.,0.,0.,0.
Main Stage,Gram_Schmidt_orthogonalization,0,1,0.0002696,0.,0.,0.,245.
